Watching for file changes with StatReloader
Watching for file changes with StatReloader
Watching for file changes with StatReloader
C:\Users\fahima\Desktop\final\final_project\courses\views.py changed, reloading.
Watching for file changes with StatReloader
C:\Users\fahima\Desktop\final\final_project\courses\admin.py changed, reloading.
Watching for file changes with StatReloader
C:\Users\fahima\Desktop\final\final_project\users\admin.py changed, reloading.
Watching for file changes with StatReloader
C:\Users\fahima\Desktop\final\final_project\users\admin.py changed, reloading.
Watching for file changes with StatReloader
C:\Users\fahima\Desktop\final\final_project\users\admin.py changed, reloading.
Watching for file changes with StatReloader
C:\Users\fahima\Desktop\final\final_project\users\admin.py changed, reloading.
Watching for file changes with StatReloader
C:\Users\fahima\Desktop\final\final_project\users\admin.py changed, reloading.
Watching for file changes with StatReloader
C:\Users\fahima\Desktop\final\final_project\users\admin.py changed, reloading.
Watching for file changes with StatReloader
C:\Users\fahima\Desktop\final\final_project\users\admin.py changed, reloading.
Watching for file changes with StatReloader
Watching for file changes with StatReloader
Watching for file changes with StatReloader
Internal Server Error: /v1/student_requests/student/2/studying-evidence/
Traceback (most recent call last):
  File "C:\Users\ASUS\Desktop\quera\Django Bootcamp\final_project\venv\lib\site-packages\django\db\backends\utils.py", line 89, in _execute
    return self.cursor.execute(sql, params)
  File "C:\Users\ASUS\Desktop\quera\Django Bootcamp\final_project\venv\lib\site-packages\django\db\backends\sqlite3\base.py", line 328, in execute
    return super().execute(query, params)
sqlite3.OperationalError: no such column: student_requests_militaryservicerequest.deputy_educational_id

The above exception was the direct cause of the following exception:

Traceback (most recent call last):
  File "C:\Users\ASUS\Desktop\quera\Django Bootcamp\final_project\venv\lib\site-packages\django\core\handlers\exception.py", line 55, in inner
    response = get_response(request)
  File "C:\Users\ASUS\Desktop\quera\Django Bootcamp\final_project\venv\lib\site-packages\django\core\handlers\base.py", line 197, in _get_response
    response = wrapped_callback(request, *callback_args, **callback_kwargs)
  File "C:\Users\ASUS\Desktop\quera\Django Bootcamp\final_project\venv\lib\site-packages\django\views\decorators\csrf.py", line 56, in wrapper_view
    return view_func(*args, **kwargs)
  File "C:\Users\ASUS\Desktop\quera\Django Bootcamp\final_project\venv\lib\site-packages\rest_framework\viewsets.py", line 125, in view
    return self.dispatch(request, *args, **kwargs)
  File "C:\Users\ASUS\Desktop\quera\Django Bootcamp\final_project\venv\lib\site-packages\rest_framework\views.py", line 509, in dispatch
    response = self.handle_exception(exc)
  File "C:\Users\ASUS\Desktop\quera\Django Bootcamp\final_project\venv\lib\site-packages\rest_framework\views.py", line 469, in handle_exception
    self.raise_uncaught_exception(exc)
  File "C:\Users\ASUS\Desktop\quera\Django Bootcamp\final_project\venv\lib\site-packages\rest_framework\views.py", line 480, in raise_uncaught_exception
    raise exc
  File "C:\Users\ASUS\Desktop\quera\Django Bootcamp\final_project\venv\lib\site-packages\rest_framework\views.py", line 506, in dispatch
    response = handler(request, *args, **kwargs)
  File "C:\Users\ASUS\Desktop\quera\Django Bootcamp\final_project\venv\lib\site-packages\rest_framework\mixins.py", line 54, in retrieve
    instance = self.get_object()
  File "C:\Users\ASUS\Desktop\quera\Django Bootcamp\final_project\venv\lib\site-packages\rest_framework\generics.py", line 96, in get_object
    obj = get_object_or_404(queryset, **filter_kwargs)
  File "C:\Users\ASUS\Desktop\quera\Django Bootcamp\final_project\venv\lib\site-packages\rest_framework\generics.py", line 19, in get_object_or_404
    return _get_object_or_404(queryset, *filter_args, **filter_kwargs)
  File "C:\Users\ASUS\Desktop\quera\Django Bootcamp\final_project\venv\lib\site-packages\django\shortcuts.py", line 85, in get_object_or_404
    return queryset.get(*args, **kwargs)
  File "C:\Users\ASUS\Desktop\quera\Django Bootcamp\final_project\venv\lib\site-packages\django\db\models\query.py", line 633, in get
    num = len(clone)
  File "C:\Users\ASUS\Desktop\quera\Django Bootcamp\final_project\venv\lib\site-packages\django\db\models\query.py", line 380, in __len__
    self._fetch_all()
  File "C:\Users\ASUS\Desktop\quera\Django Bootcamp\final_project\venv\lib\site-packages\django\db\models\query.py", line 1881, in _fetch_all
    self._result_cache = list(self._iterable_class(self))
  File "C:\Users\ASUS\Desktop\quera\Django Bootcamp\final_project\venv\lib\site-packages\django\db\models\query.py", line 91, in __iter__
    results = compiler.execute_sql(
  File "C:\Users\ASUS\Desktop\quera\Django Bootcamp\final_project\venv\lib\site-packages\django\db\models\sql\compiler.py", line 1562, in execute_sql
    cursor.execute(sql, params)
  File "C:\Users\ASUS\Desktop\quera\Django Bootcamp\final_project\venv\lib\site-packages\django\db\backends\utils.py", line 102, in execute
    return super().execute(sql, params)
  File "C:\Users\ASUS\Desktop\quera\Django Bootcamp\final_project\venv\lib\site-packages\django\db\backends\utils.py", line 67, in execute
    return self._execute_with_wrappers(
  File "C:\Users\ASUS\Desktop\quera\Django Bootcamp\final_project\venv\lib\site-packages\django\db\backends\utils.py", line 80, in _execute_with_wrappers
    return executor(sql, params, many, context)
  File "C:\Users\ASUS\Desktop\quera\Django Bootcamp\final_project\venv\lib\site-packages\django\db\backends\utils.py", line 84, in _execute
    with self.db.wrap_database_errors:
  File "C:\Users\ASUS\Desktop\quera\Django Bootcamp\final_project\venv\lib\site-packages\django\db\utils.py", line 91, in __exit__
    raise dj_exc_value.with_traceback(traceback) from exc_value
  File "C:\Users\ASUS\Desktop\quera\Django Bootcamp\final_project\venv\lib\site-packages\django\db\backends\utils.py", line 89, in _execute
    return self.cursor.execute(sql, params)
  File "C:\Users\ASUS\Desktop\quera\Django Bootcamp\final_project\venv\lib\site-packages\django\db\backends\sqlite3\base.py", line 328, in execute
    return super().execute(query, params)
django.db.utils.OperationalError: no such column: student_requests_militaryservicerequest.deputy_educational_id
"GET /v1/student_requests/student/2/studying-evidence/ HTTP/1.1" 500 183377
Internal Server Error: /v1/student_requests/student/2/studying-evidence/
Traceback (most recent call last):
  File "C:\Users\ASUS\Desktop\quera\Django Bootcamp\final_project\venv\lib\site-packages\django\db\backends\utils.py", line 89, in _execute
    return self.cursor.execute(sql, params)
  File "C:\Users\ASUS\Desktop\quera\Django Bootcamp\final_project\venv\lib\site-packages\django\db\backends\sqlite3\base.py", line 328, in execute
    return super().execute(query, params)
sqlite3.OperationalError: no such column: student_requests_militaryservicerequest.deputy_educational_id

The above exception was the direct cause of the following exception:

Traceback (most recent call last):
  File "C:\Users\ASUS\Desktop\quera\Django Bootcamp\final_project\venv\lib\site-packages\django\core\handlers\exception.py", line 55, in inner
    response = get_response(request)
  File "C:\Users\ASUS\Desktop\quera\Django Bootcamp\final_project\venv\lib\site-packages\django\core\handlers\base.py", line 197, in _get_response
    response = wrapped_callback(request, *callback_args, **callback_kwargs)
  File "C:\Users\ASUS\Desktop\quera\Django Bootcamp\final_project\venv\lib\site-packages\django\views\decorators\csrf.py", line 56, in wrapper_view
    return view_func(*args, **kwargs)
  File "C:\Users\ASUS\Desktop\quera\Django Bootcamp\final_project\venv\lib\site-packages\rest_framework\viewsets.py", line 125, in view
    return self.dispatch(request, *args, **kwargs)
  File "C:\Users\ASUS\Desktop\quera\Django Bootcamp\final_project\venv\lib\site-packages\rest_framework\views.py", line 509, in dispatch
    response = self.handle_exception(exc)
  File "C:\Users\ASUS\Desktop\quera\Django Bootcamp\final_project\venv\lib\site-packages\rest_framework\views.py", line 469, in handle_exception
    self.raise_uncaught_exception(exc)
  File "C:\Users\ASUS\Desktop\quera\Django Bootcamp\final_project\venv\lib\site-packages\rest_framework\views.py", line 480, in raise_uncaught_exception
    raise exc
  File "C:\Users\ASUS\Desktop\quera\Django Bootcamp\final_project\venv\lib\site-packages\rest_framework\views.py", line 506, in dispatch
    response = handler(request, *args, **kwargs)
  File "C:\Users\ASUS\Desktop\quera\Django Bootcamp\final_project\venv\lib\site-packages\rest_framework\mixins.py", line 54, in retrieve
    instance = self.get_object()
  File "C:\Users\ASUS\Desktop\quera\Django Bootcamp\final_project\venv\lib\site-packages\rest_framework\generics.py", line 96, in get_object
    obj = get_object_or_404(queryset, **filter_kwargs)
  File "C:\Users\ASUS\Desktop\quera\Django Bootcamp\final_project\venv\lib\site-packages\rest_framework\generics.py", line 19, in get_object_or_404
    return _get_object_or_404(queryset, *filter_args, **filter_kwargs)
  File "C:\Users\ASUS\Desktop\quera\Django Bootcamp\final_project\venv\lib\site-packages\django\shortcuts.py", line 85, in get_object_or_404
    return queryset.get(*args, **kwargs)
  File "C:\Users\ASUS\Desktop\quera\Django Bootcamp\final_project\venv\lib\site-packages\django\db\models\query.py", line 633, in get
    num = len(clone)
  File "C:\Users\ASUS\Desktop\quera\Django Bootcamp\final_project\venv\lib\site-packages\django\db\models\query.py", line 380, in __len__
    self._fetch_all()
  File "C:\Users\ASUS\Desktop\quera\Django Bootcamp\final_project\venv\lib\site-packages\django\db\models\query.py", line 1881, in _fetch_all
    self._result_cache = list(self._iterable_class(self))
  File "C:\Users\ASUS\Desktop\quera\Django Bootcamp\final_project\venv\lib\site-packages\django\db\models\query.py", line 91, in __iter__
    results = compiler.execute_sql(
  File "C:\Users\ASUS\Desktop\quera\Django Bootcamp\final_project\venv\lib\site-packages\django\db\models\sql\compiler.py", line 1562, in execute_sql
    cursor.execute(sql, params)
  File "C:\Users\ASUS\Desktop\quera\Django Bootcamp\final_project\venv\lib\site-packages\django\db\backends\utils.py", line 102, in execute
    return super().execute(sql, params)
  File "C:\Users\ASUS\Desktop\quera\Django Bootcamp\final_project\venv\lib\site-packages\django\db\backends\utils.py", line 67, in execute
    return self._execute_with_wrappers(
  File "C:\Users\ASUS\Desktop\quera\Django Bootcamp\final_project\venv\lib\site-packages\django\db\backends\utils.py", line 80, in _execute_with_wrappers
    return executor(sql, params, many, context)
  File "C:\Users\ASUS\Desktop\quera\Django Bootcamp\final_project\venv\lib\site-packages\django\db\backends\utils.py", line 84, in _execute
    with self.db.wrap_database_errors:
  File "C:\Users\ASUS\Desktop\quera\Django Bootcamp\final_project\venv\lib\site-packages\django\db\utils.py", line 91, in __exit__
    raise dj_exc_value.with_traceback(traceback) from exc_value
  File "C:\Users\ASUS\Desktop\quera\Django Bootcamp\final_project\venv\lib\site-packages\django\db\backends\utils.py", line 89, in _execute
    return self.cursor.execute(sql, params)
  File "C:\Users\ASUS\Desktop\quera\Django Bootcamp\final_project\venv\lib\site-packages\django\db\backends\sqlite3\base.py", line 328, in execute
    return super().execute(query, params)
django.db.utils.OperationalError: no such column: student_requests_militaryservicerequest.deputy_educational_id
"GET /v1/student_requests/student/2/studying-evidence/ HTTP/1.1" 500 183377
Watching for file changes with StatReloader
Internal Server Error: /v1/student_requests/student/2/studying-evidence/
Traceback (most recent call last):
  File "C:\Users\ASUS\Desktop\quera\Django Bootcamp\final_project\venv\lib\site-packages\django\db\backends\utils.py", line 89, in _execute
    return self.cursor.execute(sql, params)
  File "C:\Users\ASUS\Desktop\quera\Django Bootcamp\final_project\venv\lib\site-packages\django\db\backends\sqlite3\base.py", line 328, in execute
    return super().execute(query, params)
sqlite3.OperationalError: no such column: student_requests_militaryservicerequest.deputy_educational_id

The above exception was the direct cause of the following exception:

Traceback (most recent call last):
  File "C:\Users\ASUS\Desktop\quera\Django Bootcamp\final_project\venv\lib\site-packages\django\core\handlers\exception.py", line 55, in inner
    response = get_response(request)
  File "C:\Users\ASUS\Desktop\quera\Django Bootcamp\final_project\venv\lib\site-packages\django\core\handlers\base.py", line 197, in _get_response
    response = wrapped_callback(request, *callback_args, **callback_kwargs)
  File "C:\Users\ASUS\Desktop\quera\Django Bootcamp\final_project\venv\lib\site-packages\django\views\decorators\csrf.py", line 56, in wrapper_view
    return view_func(*args, **kwargs)
  File "C:\Users\ASUS\Desktop\quera\Django Bootcamp\final_project\venv\lib\site-packages\rest_framework\viewsets.py", line 125, in view
    return self.dispatch(request, *args, **kwargs)
  File "C:\Users\ASUS\Desktop\quera\Django Bootcamp\final_project\venv\lib\site-packages\rest_framework\views.py", line 509, in dispatch
    response = self.handle_exception(exc)
  File "C:\Users\ASUS\Desktop\quera\Django Bootcamp\final_project\venv\lib\site-packages\rest_framework\views.py", line 469, in handle_exception
    self.raise_uncaught_exception(exc)
  File "C:\Users\ASUS\Desktop\quera\Django Bootcamp\final_project\venv\lib\site-packages\rest_framework\views.py", line 480, in raise_uncaught_exception
    raise exc
  File "C:\Users\ASUS\Desktop\quera\Django Bootcamp\final_project\venv\lib\site-packages\rest_framework\views.py", line 506, in dispatch
    response = handler(request, *args, **kwargs)
  File "C:\Users\ASUS\Desktop\quera\Django Bootcamp\final_project\venv\lib\site-packages\rest_framework\mixins.py", line 54, in retrieve
    instance = self.get_object()
  File "C:\Users\ASUS\Desktop\quera\Django Bootcamp\final_project\venv\lib\site-packages\rest_framework\generics.py", line 96, in get_object
    obj = get_object_or_404(queryset, **filter_kwargs)
  File "C:\Users\ASUS\Desktop\quera\Django Bootcamp\final_project\venv\lib\site-packages\rest_framework\generics.py", line 19, in get_object_or_404
    return _get_object_or_404(queryset, *filter_args, **filter_kwargs)
  File "C:\Users\ASUS\Desktop\quera\Django Bootcamp\final_project\venv\lib\site-packages\django\shortcuts.py", line 85, in get_object_or_404
    return queryset.get(*args, **kwargs)
  File "C:\Users\ASUS\Desktop\quera\Django Bootcamp\final_project\venv\lib\site-packages\django\db\models\query.py", line 633, in get
    num = len(clone)
  File "C:\Users\ASUS\Desktop\quera\Django Bootcamp\final_project\venv\lib\site-packages\django\db\models\query.py", line 380, in __len__
    self._fetch_all()
  File "C:\Users\ASUS\Desktop\quera\Django Bootcamp\final_project\venv\lib\site-packages\django\db\models\query.py", line 1881, in _fetch_all
    self._result_cache = list(self._iterable_class(self))
  File "C:\Users\ASUS\Desktop\quera\Django Bootcamp\final_project\venv\lib\site-packages\django\db\models\query.py", line 91, in __iter__
    results = compiler.execute_sql(
  File "C:\Users\ASUS\Desktop\quera\Django Bootcamp\final_project\venv\lib\site-packages\django\db\models\sql\compiler.py", line 1562, in execute_sql
    cursor.execute(sql, params)
  File "C:\Users\ASUS\Desktop\quera\Django Bootcamp\final_project\venv\lib\site-packages\django\db\backends\utils.py", line 102, in execute
    return super().execute(sql, params)
  File "C:\Users\ASUS\Desktop\quera\Django Bootcamp\final_project\venv\lib\site-packages\django\db\backends\utils.py", line 67, in execute
    return self._execute_with_wrappers(
  File "C:\Users\ASUS\Desktop\quera\Django Bootcamp\final_project\venv\lib\site-packages\django\db\backends\utils.py", line 80, in _execute_with_wrappers
    return executor(sql, params, many, context)
  File "C:\Users\ASUS\Desktop\quera\Django Bootcamp\final_project\venv\lib\site-packages\django\db\backends\utils.py", line 84, in _execute
    with self.db.wrap_database_errors:
  File "C:\Users\ASUS\Desktop\quera\Django Bootcamp\final_project\venv\lib\site-packages\django\db\utils.py", line 91, in __exit__
    raise dj_exc_value.with_traceback(traceback) from exc_value
  File "C:\Users\ASUS\Desktop\quera\Django Bootcamp\final_project\venv\lib\site-packages\django\db\backends\utils.py", line 89, in _execute
    return self.cursor.execute(sql, params)
  File "C:\Users\ASUS\Desktop\quera\Django Bootcamp\final_project\venv\lib\site-packages\django\db\backends\sqlite3\base.py", line 328, in execute
    return super().execute(query, params)
django.db.utils.OperationalError: no such column: student_requests_militaryservicerequest.deputy_educational_id
"GET /v1/student_requests/student/2/studying-evidence/ HTTP/1.1" 500 183377
Internal Server Error: /v1/student_requests/assistant/5/studying-evidence/2/
Traceback (most recent call last):
  File "C:\Users\ASUS\Desktop\quera\Django Bootcamp\final_project\venv\lib\site-packages\django\db\backends\utils.py", line 89, in _execute
    return self.cursor.execute(sql, params)
  File "C:\Users\ASUS\Desktop\quera\Django Bootcamp\final_project\venv\lib\site-packages\django\db\backends\sqlite3\base.py", line 328, in execute
    return super().execute(query, params)
sqlite3.OperationalError: no such column: student_requests_militaryservicerequest.deputy_educational_id

The above exception was the direct cause of the following exception:

Traceback (most recent call last):
  File "C:\Users\ASUS\Desktop\quera\Django Bootcamp\final_project\venv\lib\site-packages\django\core\handlers\exception.py", line 55, in inner
    response = get_response(request)
  File "C:\Users\ASUS\Desktop\quera\Django Bootcamp\final_project\venv\lib\site-packages\django\core\handlers\base.py", line 197, in _get_response
    response = wrapped_callback(request, *callback_args, **callback_kwargs)
  File "C:\Users\ASUS\Desktop\quera\Django Bootcamp\final_project\venv\lib\site-packages\django\views\decorators\csrf.py", line 56, in wrapper_view
    return view_func(*args, **kwargs)
  File "C:\Users\ASUS\Desktop\quera\Django Bootcamp\final_project\venv\lib\site-packages\django\views\generic\base.py", line 104, in view
    return self.dispatch(request, *args, **kwargs)
  File "C:\Users\ASUS\Desktop\quera\Django Bootcamp\final_project\venv\lib\site-packages\rest_framework\views.py", line 509, in dispatch
    response = self.handle_exception(exc)
  File "C:\Users\ASUS\Desktop\quera\Django Bootcamp\final_project\venv\lib\site-packages\rest_framework\views.py", line 469, in handle_exception
    self.raise_uncaught_exception(exc)
  File "C:\Users\ASUS\Desktop\quera\Django Bootcamp\final_project\venv\lib\site-packages\rest_framework\views.py", line 480, in raise_uncaught_exception
    raise exc
  File "C:\Users\ASUS\Desktop\quera\Django Bootcamp\final_project\venv\lib\site-packages\rest_framework\views.py", line 506, in dispatch
    response = handler(request, *args, **kwargs)
  File "C:\Users\ASUS\Desktop\quera\Django Bootcamp\final_project\venv\lib\site-packages\rest_framework\generics.py", line 208, in get
    return self.retrieve(request, *args, **kwargs)
  File "C:\Users\ASUS\Desktop\quera\Django Bootcamp\final_project\venv\lib\site-packages\rest_framework\mixins.py", line 54, in retrieve
    instance = self.get_object()
  File "C:\Users\ASUS\Desktop\quera\Django Bootcamp\final_project\student_requests\views.py", line 873, in get_object
    request = get_object_or_404(MilitaryServiceRequest, student_id=student_id)
  File "C:\Users\ASUS\Desktop\quera\Django Bootcamp\final_project\venv\lib\site-packages\django\shortcuts.py", line 85, in get_object_or_404
    return queryset.get(*args, **kwargs)
  File "C:\Users\ASUS\Desktop\quera\Django Bootcamp\final_project\venv\lib\site-packages\django\db\models\query.py", line 633, in get
    num = len(clone)
  File "C:\Users\ASUS\Desktop\quera\Django Bootcamp\final_project\venv\lib\site-packages\django\db\models\query.py", line 380, in __len__
    self._fetch_all()
  File "C:\Users\ASUS\Desktop\quera\Django Bootcamp\final_project\venv\lib\site-packages\django\db\models\query.py", line 1881, in _fetch_all
    self._result_cache = list(self._iterable_class(self))
  File "C:\Users\ASUS\Desktop\quera\Django Bootcamp\final_project\venv\lib\site-packages\django\db\models\query.py", line 91, in __iter__
    results = compiler.execute_sql(
  File "C:\Users\ASUS\Desktop\quera\Django Bootcamp\final_project\venv\lib\site-packages\django\db\models\sql\compiler.py", line 1562, in execute_sql
    cursor.execute(sql, params)
  File "C:\Users\ASUS\Desktop\quera\Django Bootcamp\final_project\venv\lib\site-packages\django\db\backends\utils.py", line 102, in execute
    return super().execute(sql, params)
  File "C:\Users\ASUS\Desktop\quera\Django Bootcamp\final_project\venv\lib\site-packages\django\db\backends\utils.py", line 67, in execute
    return self._execute_with_wrappers(
  File "C:\Users\ASUS\Desktop\quera\Django Bootcamp\final_project\venv\lib\site-packages\django\db\backends\utils.py", line 80, in _execute_with_wrappers
    return executor(sql, params, many, context)
  File "C:\Users\ASUS\Desktop\quera\Django Bootcamp\final_project\venv\lib\site-packages\django\db\backends\utils.py", line 84, in _execute
    with self.db.wrap_database_errors:
  File "C:\Users\ASUS\Desktop\quera\Django Bootcamp\final_project\venv\lib\site-packages\django\db\utils.py", line 91, in __exit__
    raise dj_exc_value.with_traceback(traceback) from exc_value
  File "C:\Users\ASUS\Desktop\quera\Django Bootcamp\final_project\venv\lib\site-packages\django\db\backends\utils.py", line 89, in _execute
    return self.cursor.execute(sql, params)
  File "C:\Users\ASUS\Desktop\quera\Django Bootcamp\final_project\venv\lib\site-packages\django\db\backends\sqlite3\base.py", line 328, in execute
    return super().execute(query, params)
django.db.utils.OperationalError: no such column: student_requests_militaryservicerequest.deputy_educational_id
"GET /v1/student_requests/assistant/5/studying-evidence/2/ HTTP/1.1" 500 181698
"POST /v1/users/login/ HTTP/1.1" 200 69
Method Not Allowed: /v1/student_requests/assistant/5/studying-evidence/2/
"PATCH /v1/student_requests/assistant/5/studying-evidence/2/ HTTP/1.1" 405 42
Watching for file changes with StatReloader
"GET /my-admin HTTP/1.1" 301 0
"GET /my-admin/ HTTP/1.1" 200 18291
"GET /my-admin/ HTTP/1.1" 200 18291
Not Found: /en/my-admin/
"GET /en/my-admin/ HTTP/1.1" 404 3441
"GET /my-admin/ HTTP/1.1" 200 18291
Not Found: /admin/
"GET /admin/ HTTP/1.1" 404 5828
Not Found: /admin/
"GET /admin/ HTTP/1.1" 404 5828
Method Not Allowed: /v1/student_requests/assistant/5/studying-evidence/2/
"PATCH /v1/student_requests/assistant/5/studying-evidence/2/ HTTP/1.1" 405 42
Watching for file changes with StatReloader
Method Not Allowed: /v1/student_requests/assistant/5/studying-evidence/2/
"PATCH /v1/student_requests/assistant/5/studying-evidence/2/ HTTP/1.1" 405 42
Internal Server Error: /v1/student_requests/assistant/5/studying-evidence/
Traceback (most recent call last):
  File "C:\Users\ASUS\Desktop\quera\Django Bootcamp\final_project\venv\lib\site-packages\django\db\backends\utils.py", line 89, in _execute
    return self.cursor.execute(sql, params)
  File "C:\Users\ASUS\Desktop\quera\Django Bootcamp\final_project\venv\lib\site-packages\django\db\backends\sqlite3\base.py", line 328, in execute
    return super().execute(query, params)
sqlite3.OperationalError: no such column: student_requests_militaryservicerequest.deputy_educational_id

The above exception was the direct cause of the following exception:

Traceback (most recent call last):
  File "C:\Users\ASUS\Desktop\quera\Django Bootcamp\final_project\venv\lib\site-packages\django\core\handlers\exception.py", line 55, in inner
    response = get_response(request)
  File "C:\Users\ASUS\Desktop\quera\Django Bootcamp\final_project\venv\lib\site-packages\django\core\handlers\base.py", line 197, in _get_response
    response = wrapped_callback(request, *callback_args, **callback_kwargs)
  File "C:\Users\ASUS\Desktop\quera\Django Bootcamp\final_project\venv\lib\site-packages\django\views\decorators\csrf.py", line 56, in wrapper_view
    return view_func(*args, **kwargs)
  File "C:\Users\ASUS\Desktop\quera\Django Bootcamp\final_project\venv\lib\site-packages\django\views\generic\base.py", line 104, in view
    return self.dispatch(request, *args, **kwargs)
  File "C:\Users\ASUS\Desktop\quera\Django Bootcamp\final_project\venv\lib\site-packages\rest_framework\views.py", line 509, in dispatch
    response = self.handle_exception(exc)
  File "C:\Users\ASUS\Desktop\quera\Django Bootcamp\final_project\venv\lib\site-packages\rest_framework\views.py", line 469, in handle_exception
    self.raise_uncaught_exception(exc)
  File "C:\Users\ASUS\Desktop\quera\Django Bootcamp\final_project\venv\lib\site-packages\rest_framework\views.py", line 480, in raise_uncaught_exception
    raise exc
  File "C:\Users\ASUS\Desktop\quera\Django Bootcamp\final_project\venv\lib\site-packages\rest_framework\views.py", line 506, in dispatch
    response = handler(request, *args, **kwargs)
  File "C:\Users\ASUS\Desktop\quera\Django Bootcamp\final_project\venv\lib\site-packages\rest_framework\generics.py", line 199, in get
    return self.list(request, *args, **kwargs)
  File "C:\Users\ASUS\Desktop\quera\Django Bootcamp\final_project\venv\lib\site-packages\rest_framework\mixins.py", line 46, in list
    return Response(serializer.data)
  File "C:\Users\ASUS\Desktop\quera\Django Bootcamp\final_project\venv\lib\site-packages\rest_framework\serializers.py", line 768, in data
    ret = super().data
  File "C:\Users\ASUS\Desktop\quera\Django Bootcamp\final_project\venv\lib\site-packages\rest_framework\serializers.py", line 253, in data
    self._data = self.to_representation(self.instance)
  File "C:\Users\ASUS\Desktop\quera\Django Bootcamp\final_project\venv\lib\site-packages\rest_framework\serializers.py", line 686, in to_representation
    return [
  File "C:\Users\ASUS\Desktop\quera\Django Bootcamp\final_project\venv\lib\site-packages\django\db\models\query.py", line 398, in __iter__
    self._fetch_all()
  File "C:\Users\ASUS\Desktop\quera\Django Bootcamp\final_project\venv\lib\site-packages\django\db\models\query.py", line 1881, in _fetch_all
    self._result_cache = list(self._iterable_class(self))
  File "C:\Users\ASUS\Desktop\quera\Django Bootcamp\final_project\venv\lib\site-packages\django\db\models\query.py", line 91, in __iter__
    results = compiler.execute_sql(
  File "C:\Users\ASUS\Desktop\quera\Django Bootcamp\final_project\venv\lib\site-packages\django\db\models\sql\compiler.py", line 1562, in execute_sql
    cursor.execute(sql, params)
  File "C:\Users\ASUS\Desktop\quera\Django Bootcamp\final_project\venv\lib\site-packages\django\db\backends\utils.py", line 102, in execute
    return super().execute(sql, params)
  File "C:\Users\ASUS\Desktop\quera\Django Bootcamp\final_project\venv\lib\site-packages\django\db\backends\utils.py", line 67, in execute
    return self._execute_with_wrappers(
  File "C:\Users\ASUS\Desktop\quera\Django Bootcamp\final_project\venv\lib\site-packages\django\db\backends\utils.py", line 80, in _execute_with_wrappers
    return executor(sql, params, many, context)
  File "C:\Users\ASUS\Desktop\quera\Django Bootcamp\final_project\venv\lib\site-packages\django\db\backends\utils.py", line 84, in _execute
    with self.db.wrap_database_errors:
  File "C:\Users\ASUS\Desktop\quera\Django Bootcamp\final_project\venv\lib\site-packages\django\db\utils.py", line 91, in __exit__
    raise dj_exc_value.with_traceback(traceback) from exc_value
  File "C:\Users\ASUS\Desktop\quera\Django Bootcamp\final_project\venv\lib\site-packages\django\db\backends\utils.py", line 89, in _execute
    return self.cursor.execute(sql, params)
  File "C:\Users\ASUS\Desktop\quera\Django Bootcamp\final_project\venv\lib\site-packages\django\db\backends\sqlite3\base.py", line 328, in execute
    return super().execute(query, params)
django.db.utils.OperationalError: no such column: student_requests_militaryservicerequest.deputy_educational_id
"GET /v1/student_requests/assistant/5/studying-evidence/ HTTP/1.1" 500 180516
C:\Users\ASUS\Desktop\quera\Django Bootcamp\final_project\config\settings.py changed, reloading.
Watching for file changes with StatReloader
Internal Server Error: /v1/student_requests/assistant/5/studying-evidence/
Traceback (most recent call last):
  File "C:\Users\ASUS\Desktop\quera\Django Bootcamp\final_project\venv\lib\site-packages\django\db\backends\utils.py", line 89, in _execute
    return self.cursor.execute(sql, params)
  File "C:\Users\ASUS\Desktop\quera\Django Bootcamp\final_project\venv\lib\site-packages\django\db\backends\sqlite3\base.py", line 328, in execute
    return super().execute(query, params)
sqlite3.OperationalError: no such column: student_requests_militaryservicerequest.deputy_educational_id

The above exception was the direct cause of the following exception:

Traceback (most recent call last):
  File "C:\Users\ASUS\Desktop\quera\Django Bootcamp\final_project\venv\lib\site-packages\django\core\handlers\exception.py", line 55, in inner
    response = get_response(request)
  File "C:\Users\ASUS\Desktop\quera\Django Bootcamp\final_project\venv\lib\site-packages\django\core\handlers\base.py", line 197, in _get_response
    response = wrapped_callback(request, *callback_args, **callback_kwargs)
  File "C:\Users\ASUS\Desktop\quera\Django Bootcamp\final_project\venv\lib\site-packages\django\views\decorators\csrf.py", line 56, in wrapper_view
    return view_func(*args, **kwargs)
  File "C:\Users\ASUS\Desktop\quera\Django Bootcamp\final_project\venv\lib\site-packages\django\views\generic\base.py", line 104, in view
    return self.dispatch(request, *args, **kwargs)
  File "C:\Users\ASUS\Desktop\quera\Django Bootcamp\final_project\venv\lib\site-packages\rest_framework\views.py", line 509, in dispatch
    response = self.handle_exception(exc)
  File "C:\Users\ASUS\Desktop\quera\Django Bootcamp\final_project\venv\lib\site-packages\rest_framework\views.py", line 469, in handle_exception
    self.raise_uncaught_exception(exc)
  File "C:\Users\ASUS\Desktop\quera\Django Bootcamp\final_project\venv\lib\site-packages\rest_framework\views.py", line 480, in raise_uncaught_exception
    raise exc
  File "C:\Users\ASUS\Desktop\quera\Django Bootcamp\final_project\venv\lib\site-packages\rest_framework\views.py", line 506, in dispatch
    response = handler(request, *args, **kwargs)
  File "C:\Users\ASUS\Desktop\quera\Django Bootcamp\final_project\venv\lib\site-packages\rest_framework\generics.py", line 199, in get
    return self.list(request, *args, **kwargs)
  File "C:\Users\ASUS\Desktop\quera\Django Bootcamp\final_project\venv\lib\site-packages\rest_framework\mixins.py", line 46, in list
    return Response(serializer.data)
  File "C:\Users\ASUS\Desktop\quera\Django Bootcamp\final_project\venv\lib\site-packages\rest_framework\serializers.py", line 768, in data
    ret = super().data
  File "C:\Users\ASUS\Desktop\quera\Django Bootcamp\final_project\venv\lib\site-packages\rest_framework\serializers.py", line 253, in data
    self._data = self.to_representation(self.instance)
  File "C:\Users\ASUS\Desktop\quera\Django Bootcamp\final_project\venv\lib\site-packages\rest_framework\serializers.py", line 686, in to_representation
    return [
  File "C:\Users\ASUS\Desktop\quera\Django Bootcamp\final_project\venv\lib\site-packages\django\db\models\query.py", line 398, in __iter__
    self._fetch_all()
  File "C:\Users\ASUS\Desktop\quera\Django Bootcamp\final_project\venv\lib\site-packages\django\db\models\query.py", line 1881, in _fetch_all
    self._result_cache = list(self._iterable_class(self))
  File "C:\Users\ASUS\Desktop\quera\Django Bootcamp\final_project\venv\lib\site-packages\django\db\models\query.py", line 91, in __iter__
    results = compiler.execute_sql(
  File "C:\Users\ASUS\Desktop\quera\Django Bootcamp\final_project\venv\lib\site-packages\django\db\models\sql\compiler.py", line 1562, in execute_sql
    cursor.execute(sql, params)
  File "C:\Users\ASUS\Desktop\quera\Django Bootcamp\final_project\venv\lib\site-packages\django\db\backends\utils.py", line 102, in execute
    return super().execute(sql, params)
  File "C:\Users\ASUS\Desktop\quera\Django Bootcamp\final_project\venv\lib\site-packages\django\db\backends\utils.py", line 67, in execute
    return self._execute_with_wrappers(
  File "C:\Users\ASUS\Desktop\quera\Django Bootcamp\final_project\venv\lib\site-packages\django\db\backends\utils.py", line 80, in _execute_with_wrappers
    return executor(sql, params, many, context)
  File "C:\Users\ASUS\Desktop\quera\Django Bootcamp\final_project\venv\lib\site-packages\django\db\backends\utils.py", line 84, in _execute
    with self.db.wrap_database_errors:
  File "C:\Users\ASUS\Desktop\quera\Django Bootcamp\final_project\venv\lib\site-packages\django\db\utils.py", line 91, in __exit__
    raise dj_exc_value.with_traceback(traceback) from exc_value
  File "C:\Users\ASUS\Desktop\quera\Django Bootcamp\final_project\venv\lib\site-packages\django\db\backends\utils.py", line 89, in _execute
    return self.cursor.execute(sql, params)
  File "C:\Users\ASUS\Desktop\quera\Django Bootcamp\final_project\venv\lib\site-packages\django\db\backends\sqlite3\base.py", line 328, in execute
    return super().execute(query, params)
django.db.utils.OperationalError: no such column: student_requests_militaryservicerequest.deputy_educational_id
"GET /v1/student_requests/assistant/5/studying-evidence/ HTTP/1.1" 500 180516
Internal Server Error: /v1/student_requests/assistant/5/studying-evidence/2/
Traceback (most recent call last):
  File "C:\Users\ASUS\Desktop\quera\Django Bootcamp\final_project\venv\lib\site-packages\django\db\backends\utils.py", line 89, in _execute
    return self.cursor.execute(sql, params)
  File "C:\Users\ASUS\Desktop\quera\Django Bootcamp\final_project\venv\lib\site-packages\django\db\backends\sqlite3\base.py", line 328, in execute
    return super().execute(query, params)
sqlite3.OperationalError: no such column: student_requests_militaryservicerequest.deputy_educational_id

The above exception was the direct cause of the following exception:

Traceback (most recent call last):
  File "C:\Users\ASUS\Desktop\quera\Django Bootcamp\final_project\venv\lib\site-packages\django\core\handlers\exception.py", line 55, in inner
    response = get_response(request)
  File "C:\Users\ASUS\Desktop\quera\Django Bootcamp\final_project\venv\lib\site-packages\django\core\handlers\base.py", line 197, in _get_response
    response = wrapped_callback(request, *callback_args, **callback_kwargs)
  File "C:\Users\ASUS\Desktop\quera\Django Bootcamp\final_project\venv\lib\site-packages\django\views\decorators\csrf.py", line 56, in wrapper_view
    return view_func(*args, **kwargs)
  File "C:\Users\ASUS\Desktop\quera\Django Bootcamp\final_project\venv\lib\site-packages\django\views\generic\base.py", line 104, in view
    return self.dispatch(request, *args, **kwargs)
  File "C:\Users\ASUS\Desktop\quera\Django Bootcamp\final_project\venv\lib\site-packages\rest_framework\views.py", line 509, in dispatch
    response = self.handle_exception(exc)
  File "C:\Users\ASUS\Desktop\quera\Django Bootcamp\final_project\venv\lib\site-packages\rest_framework\views.py", line 469, in handle_exception
    self.raise_uncaught_exception(exc)
  File "C:\Users\ASUS\Desktop\quera\Django Bootcamp\final_project\venv\lib\site-packages\rest_framework\views.py", line 480, in raise_uncaught_exception
    raise exc
  File "C:\Users\ASUS\Desktop\quera\Django Bootcamp\final_project\venv\lib\site-packages\rest_framework\views.py", line 506, in dispatch
    response = handler(request, *args, **kwargs)
  File "C:\Users\ASUS\Desktop\quera\Django Bootcamp\final_project\venv\lib\site-packages\rest_framework\generics.py", line 208, in get
    return self.retrieve(request, *args, **kwargs)
  File "C:\Users\ASUS\Desktop\quera\Django Bootcamp\final_project\venv\lib\site-packages\rest_framework\mixins.py", line 54, in retrieve
    instance = self.get_object()
  File "C:\Users\ASUS\Desktop\quera\Django Bootcamp\final_project\student_requests\views.py", line 873, in get_object
    request = get_object_or_404(MilitaryServiceRequest, student_id=student_id)
  File "C:\Users\ASUS\Desktop\quera\Django Bootcamp\final_project\venv\lib\site-packages\django\shortcuts.py", line 85, in get_object_or_404
    return queryset.get(*args, **kwargs)
  File "C:\Users\ASUS\Desktop\quera\Django Bootcamp\final_project\venv\lib\site-packages\django\db\models\query.py", line 633, in get
    num = len(clone)
  File "C:\Users\ASUS\Desktop\quera\Django Bootcamp\final_project\venv\lib\site-packages\django\db\models\query.py", line 380, in __len__
    self._fetch_all()
  File "C:\Users\ASUS\Desktop\quera\Django Bootcamp\final_project\venv\lib\site-packages\django\db\models\query.py", line 1881, in _fetch_all
    self._result_cache = list(self._iterable_class(self))
  File "C:\Users\ASUS\Desktop\quera\Django Bootcamp\final_project\venv\lib\site-packages\django\db\models\query.py", line 91, in __iter__
    results = compiler.execute_sql(
  File "C:\Users\ASUS\Desktop\quera\Django Bootcamp\final_project\venv\lib\site-packages\django\db\models\sql\compiler.py", line 1562, in execute_sql
    cursor.execute(sql, params)
  File "C:\Users\ASUS\Desktop\quera\Django Bootcamp\final_project\venv\lib\site-packages\django\db\backends\utils.py", line 102, in execute
    return super().execute(sql, params)
  File "C:\Users\ASUS\Desktop\quera\Django Bootcamp\final_project\venv\lib\site-packages\django\db\backends\utils.py", line 67, in execute
    return self._execute_with_wrappers(
  File "C:\Users\ASUS\Desktop\quera\Django Bootcamp\final_project\venv\lib\site-packages\django\db\backends\utils.py", line 80, in _execute_with_wrappers
    return executor(sql, params, many, context)
  File "C:\Users\ASUS\Desktop\quera\Django Bootcamp\final_project\venv\lib\site-packages\django\db\backends\utils.py", line 84, in _execute
    with self.db.wrap_database_errors:
  File "C:\Users\ASUS\Desktop\quera\Django Bootcamp\final_project\venv\lib\site-packages\django\db\utils.py", line 91, in __exit__
    raise dj_exc_value.with_traceback(traceback) from exc_value
  File "C:\Users\ASUS\Desktop\quera\Django Bootcamp\final_project\venv\lib\site-packages\django\db\backends\utils.py", line 89, in _execute
    return self.cursor.execute(sql, params)
  File "C:\Users\ASUS\Desktop\quera\Django Bootcamp\final_project\venv\lib\site-packages\django\db\backends\sqlite3\base.py", line 328, in execute
    return super().execute(query, params)
django.db.utils.OperationalError: no such column: student_requests_militaryservicerequest.deputy_educational_id
"GET /v1/student_requests/assistant/5/studying-evidence/2/ HTTP/1.1" 500 181698
"POST /v1/users/login/ HTTP/1.1" 200 69
Internal Server Error: /v1/student_requests/student/2/studying-evidence/
Traceback (most recent call last):
  File "C:\Users\ASUS\Desktop\quera\Django Bootcamp\final_project\venv\lib\site-packages\django\db\backends\utils.py", line 89, in _execute
    return self.cursor.execute(sql, params)
  File "C:\Users\ASUS\Desktop\quera\Django Bootcamp\final_project\venv\lib\site-packages\django\db\backends\sqlite3\base.py", line 328, in execute
    return super().execute(query, params)
sqlite3.OperationalError: table student_requests_militaryservicerequest has no column named deputy_educational_id

The above exception was the direct cause of the following exception:

Traceback (most recent call last):
  File "C:\Users\ASUS\Desktop\quera\Django Bootcamp\final_project\venv\lib\site-packages\django\core\handlers\exception.py", line 55, in inner
    response = get_response(request)
  File "C:\Users\ASUS\Desktop\quera\Django Bootcamp\final_project\venv\lib\site-packages\django\core\handlers\base.py", line 197, in _get_response
    response = wrapped_callback(request, *callback_args, **callback_kwargs)
  File "C:\Users\ASUS\Desktop\quera\Django Bootcamp\final_project\venv\lib\site-packages\django\views\decorators\csrf.py", line 56, in wrapper_view
    return view_func(*args, **kwargs)
  File "C:\Users\ASUS\Desktop\quera\Django Bootcamp\final_project\venv\lib\site-packages\rest_framework\viewsets.py", line 125, in view
    return self.dispatch(request, *args, **kwargs)
  File "C:\Users\ASUS\Desktop\quera\Django Bootcamp\final_project\venv\lib\site-packages\rest_framework\views.py", line 509, in dispatch
    response = self.handle_exception(exc)
  File "C:\Users\ASUS\Desktop\quera\Django Bootcamp\final_project\venv\lib\site-packages\rest_framework\views.py", line 469, in handle_exception
    self.raise_uncaught_exception(exc)
  File "C:\Users\ASUS\Desktop\quera\Django Bootcamp\final_project\venv\lib\site-packages\rest_framework\views.py", line 480, in raise_uncaught_exception
    raise exc
  File "C:\Users\ASUS\Desktop\quera\Django Bootcamp\final_project\venv\lib\site-packages\rest_framework\views.py", line 506, in dispatch
    response = handler(request, *args, **kwargs)
  File "C:\Users\ASUS\Desktop\quera\Django Bootcamp\final_project\venv\lib\site-packages\rest_framework\mixins.py", line 19, in create
    self.perform_create(serializer)
  File "C:\Users\ASUS\Desktop\quera\Django Bootcamp\final_project\student_requests\views.py", line 573, in perform_create
    serializer.save(student=student_instance)
  File "C:\Users\ASUS\Desktop\quera\Django Bootcamp\final_project\venv\lib\site-packages\rest_framework\serializers.py", line 212, in save
    self.instance = self.create(validated_data)
  File "C:\Users\ASUS\Desktop\quera\Django Bootcamp\final_project\student_requests\serializers.py", line 201, in create
    military_service_request = MilitaryServiceRequest.objects.create(
  File "C:\Users\ASUS\Desktop\quera\Django Bootcamp\final_project\venv\lib\site-packages\django\db\models\manager.py", line 87, in manager_method
    return getattr(self.get_queryset(), name)(*args, **kwargs)
  File "C:\Users\ASUS\Desktop\quera\Django Bootcamp\final_project\venv\lib\site-packages\django\db\models\query.py", line 658, in create
    obj.save(force_insert=True, using=self.db)
  File "C:\Users\ASUS\Desktop\quera\Django Bootcamp\final_project\venv\lib\site-packages\django\db\models\base.py", line 814, in save
    self.save_base(
  File "C:\Users\ASUS\Desktop\quera\Django Bootcamp\final_project\venv\lib\site-packages\django\db\models\base.py", line 877, in save_base
    updated = self._save_table(
  File "C:\Users\ASUS\Desktop\quera\Django Bootcamp\final_project\venv\lib\site-packages\django\db\models\base.py", line 1020, in _save_table
    results = self._do_insert(
  File "C:\Users\ASUS\Desktop\quera\Django Bootcamp\final_project\venv\lib\site-packages\django\db\models\base.py", line 1061, in _do_insert
    return manager._insert(
  File "C:\Users\ASUS\Desktop\quera\Django Bootcamp\final_project\venv\lib\site-packages\django\db\models\manager.py", line 87, in manager_method
    return getattr(self.get_queryset(), name)(*args, **kwargs)
  File "C:\Users\ASUS\Desktop\quera\Django Bootcamp\final_project\venv\lib\site-packages\django\db\models\query.py", line 1805, in _insert
    return query.get_compiler(using=using).execute_sql(returning_fields)
  File "C:\Users\ASUS\Desktop\quera\Django Bootcamp\final_project\venv\lib\site-packages\django\db\models\sql\compiler.py", line 1822, in execute_sql
    cursor.execute(sql, params)
  File "C:\Users\ASUS\Desktop\quera\Django Bootcamp\final_project\venv\lib\site-packages\django\db\backends\utils.py", line 102, in execute
    return super().execute(sql, params)
  File "C:\Users\ASUS\Desktop\quera\Django Bootcamp\final_project\venv\lib\site-packages\django\db\backends\utils.py", line 67, in execute
    return self._execute_with_wrappers(
  File "C:\Users\ASUS\Desktop\quera\Django Bootcamp\final_project\venv\lib\site-packages\django\db\backends\utils.py", line 80, in _execute_with_wrappers
    return executor(sql, params, many, context)
  File "C:\Users\ASUS\Desktop\quera\Django Bootcamp\final_project\venv\lib\site-packages\django\db\backends\utils.py", line 84, in _execute
    with self.db.wrap_database_errors:
  File "C:\Users\ASUS\Desktop\quera\Django Bootcamp\final_project\venv\lib\site-packages\django\db\utils.py", line 91, in __exit__
    raise dj_exc_value.with_traceback(traceback) from exc_value
  File "C:\Users\ASUS\Desktop\quera\Django Bootcamp\final_project\venv\lib\site-packages\django\db\backends\utils.py", line 89, in _execute
    return self.cursor.execute(sql, params)
  File "C:\Users\ASUS\Desktop\quera\Django Bootcamp\final_project\venv\lib\site-packages\django\db\backends\sqlite3\base.py", line 328, in execute
    return super().execute(query, params)
django.db.utils.OperationalError: table student_requests_militaryservicerequest has no column named deputy_educational_id
"POST /v1/student_requests/student/2/studying-evidence/ HTTP/1.1" 500 209069
Watching for file changes with StatReloader
Internal Server Error: /v1/student_requests/student/2/studying-evidence/
Traceback (most recent call last):
  File "C:\Users\ASUS\Desktop\quera\Django Bootcamp\final_project\venv\lib\site-packages\django\db\backends\utils.py", line 89, in _execute
    return self.cursor.execute(sql, params)
  File "C:\Users\ASUS\Desktop\quera\Django Bootcamp\final_project\venv\lib\site-packages\django\db\backends\sqlite3\base.py", line 328, in execute
    return super().execute(query, params)
sqlite3.OperationalError: table student_requests_militaryservicerequest has no column named deputy_educational_id

The above exception was the direct cause of the following exception:

Traceback (most recent call last):
  File "C:\Users\ASUS\Desktop\quera\Django Bootcamp\final_project\venv\lib\site-packages\django\core\handlers\exception.py", line 55, in inner
    response = get_response(request)
  File "C:\Users\ASUS\Desktop\quera\Django Bootcamp\final_project\venv\lib\site-packages\django\core\handlers\base.py", line 197, in _get_response
    response = wrapped_callback(request, *callback_args, **callback_kwargs)
  File "C:\Users\ASUS\Desktop\quera\Django Bootcamp\final_project\venv\lib\site-packages\django\views\decorators\csrf.py", line 56, in wrapper_view
    return view_func(*args, **kwargs)
  File "C:\Users\ASUS\Desktop\quera\Django Bootcamp\final_project\venv\lib\site-packages\rest_framework\viewsets.py", line 125, in view
    return self.dispatch(request, *args, **kwargs)
  File "C:\Users\ASUS\Desktop\quera\Django Bootcamp\final_project\venv\lib\site-packages\rest_framework\views.py", line 509, in dispatch
    response = self.handle_exception(exc)
  File "C:\Users\ASUS\Desktop\quera\Django Bootcamp\final_project\venv\lib\site-packages\rest_framework\views.py", line 469, in handle_exception
    self.raise_uncaught_exception(exc)
  File "C:\Users\ASUS\Desktop\quera\Django Bootcamp\final_project\venv\lib\site-packages\rest_framework\views.py", line 480, in raise_uncaught_exception
    raise exc
  File "C:\Users\ASUS\Desktop\quera\Django Bootcamp\final_project\venv\lib\site-packages\rest_framework\views.py", line 506, in dispatch
    response = handler(request, *args, **kwargs)
  File "C:\Users\ASUS\Desktop\quera\Django Bootcamp\final_project\venv\lib\site-packages\rest_framework\mixins.py", line 19, in create
    self.perform_create(serializer)
  File "C:\Users\ASUS\Desktop\quera\Django Bootcamp\final_project\student_requests\views.py", line 573, in perform_create
    serializer.save(student=student_instance)
  File "C:\Users\ASUS\Desktop\quera\Django Bootcamp\final_project\venv\lib\site-packages\rest_framework\serializers.py", line 212, in save
    self.instance = self.create(validated_data)
  File "C:\Users\ASUS\Desktop\quera\Django Bootcamp\final_project\student_requests\serializers.py", line 201, in create
    military_service_request = MilitaryServiceRequest.objects.create(
  File "C:\Users\ASUS\Desktop\quera\Django Bootcamp\final_project\venv\lib\site-packages\django\db\models\manager.py", line 87, in manager_method
    return getattr(self.get_queryset(), name)(*args, **kwargs)
  File "C:\Users\ASUS\Desktop\quera\Django Bootcamp\final_project\venv\lib\site-packages\django\db\models\query.py", line 658, in create
    obj.save(force_insert=True, using=self.db)
  File "C:\Users\ASUS\Desktop\quera\Django Bootcamp\final_project\venv\lib\site-packages\django\db\models\base.py", line 814, in save
    self.save_base(
  File "C:\Users\ASUS\Desktop\quera\Django Bootcamp\final_project\venv\lib\site-packages\django\db\models\base.py", line 877, in save_base
    updated = self._save_table(
  File "C:\Users\ASUS\Desktop\quera\Django Bootcamp\final_project\venv\lib\site-packages\django\db\models\base.py", line 1020, in _save_table
    results = self._do_insert(
  File "C:\Users\ASUS\Desktop\quera\Django Bootcamp\final_project\venv\lib\site-packages\django\db\models\base.py", line 1061, in _do_insert
    return manager._insert(
  File "C:\Users\ASUS\Desktop\quera\Django Bootcamp\final_project\venv\lib\site-packages\django\db\models\manager.py", line 87, in manager_method
    return getattr(self.get_queryset(), name)(*args, **kwargs)
  File "C:\Users\ASUS\Desktop\quera\Django Bootcamp\final_project\venv\lib\site-packages\django\db\models\query.py", line 1805, in _insert
    return query.get_compiler(using=using).execute_sql(returning_fields)
  File "C:\Users\ASUS\Desktop\quera\Django Bootcamp\final_project\venv\lib\site-packages\django\db\models\sql\compiler.py", line 1822, in execute_sql
    cursor.execute(sql, params)
  File "C:\Users\ASUS\Desktop\quera\Django Bootcamp\final_project\venv\lib\site-packages\django\db\backends\utils.py", line 102, in execute
    return super().execute(sql, params)
  File "C:\Users\ASUS\Desktop\quera\Django Bootcamp\final_project\venv\lib\site-packages\django\db\backends\utils.py", line 67, in execute
    return self._execute_with_wrappers(
  File "C:\Users\ASUS\Desktop\quera\Django Bootcamp\final_project\venv\lib\site-packages\django\db\backends\utils.py", line 80, in _execute_with_wrappers
    return executor(sql, params, many, context)
  File "C:\Users\ASUS\Desktop\quera\Django Bootcamp\final_project\venv\lib\site-packages\django\db\backends\utils.py", line 84, in _execute
    with self.db.wrap_database_errors:
  File "C:\Users\ASUS\Desktop\quera\Django Bootcamp\final_project\venv\lib\site-packages\django\db\utils.py", line 91, in __exit__
    raise dj_exc_value.with_traceback(traceback) from exc_value
  File "C:\Users\ASUS\Desktop\quera\Django Bootcamp\final_project\venv\lib\site-packages\django\db\backends\utils.py", line 89, in _execute
    return self.cursor.execute(sql, params)
  File "C:\Users\ASUS\Desktop\quera\Django Bootcamp\final_project\venv\lib\site-packages\django\db\backends\sqlite3\base.py", line 328, in execute
    return super().execute(query, params)
django.db.utils.OperationalError: table student_requests_militaryservicerequest has no column named deputy_educational_id
"POST /v1/student_requests/student/2/studying-evidence/ HTTP/1.1" 500 209069
Watching for file changes with StatReloader
Watching for file changes with StatReloader
Watching for file changes with StatReloader
"GET /my-admin/ HTTP/1.1" 200 18291
"GET /my-admin/authtoken/tokenproxy/ HTTP/1.1" 200 15703
"GET /static/admin/img/sorting-icons.svg HTTP/1.1" 200 1097
"GET /my-admin/ HTTP/1.1" 200 18291
Bad Request: /v1/users/register/
"POST /v1/users/register/ HTTP/1.1" 400 58
Internal Server Error: /v1/student_requests/student/2/studying-evidence/
Traceback (most recent call last):
  File "C:\Users\ASUS\Desktop\quera\Django Bootcamp\final_project\venv\lib\site-packages\django\db\backends\utils.py", line 89, in _execute
    return self.cursor.execute(sql, params)
  File "C:\Users\ASUS\Desktop\quera\Django Bootcamp\final_project\venv\lib\site-packages\django\db\backends\sqlite3\base.py", line 328, in execute
    return super().execute(query, params)
sqlite3.OperationalError: table student_requests_militaryservicerequest has no column named deputy_educational_id

The above exception was the direct cause of the following exception:

Traceback (most recent call last):
  File "C:\Users\ASUS\Desktop\quera\Django Bootcamp\final_project\venv\lib\site-packages\django\core\handlers\exception.py", line 55, in inner
    response = get_response(request)
  File "C:\Users\ASUS\Desktop\quera\Django Bootcamp\final_project\venv\lib\site-packages\django\core\handlers\base.py", line 197, in _get_response
    response = wrapped_callback(request, *callback_args, **callback_kwargs)
  File "C:\Users\ASUS\Desktop\quera\Django Bootcamp\final_project\venv\lib\site-packages\django\views\decorators\csrf.py", line 56, in wrapper_view
    return view_func(*args, **kwargs)
  File "C:\Users\ASUS\Desktop\quera\Django Bootcamp\final_project\venv\lib\site-packages\rest_framework\viewsets.py", line 125, in view
    return self.dispatch(request, *args, **kwargs)
  File "C:\Users\ASUS\Desktop\quera\Django Bootcamp\final_project\venv\lib\site-packages\rest_framework\views.py", line 509, in dispatch
    response = self.handle_exception(exc)
  File "C:\Users\ASUS\Desktop\quera\Django Bootcamp\final_project\venv\lib\site-packages\rest_framework\views.py", line 469, in handle_exception
    self.raise_uncaught_exception(exc)
  File "C:\Users\ASUS\Desktop\quera\Django Bootcamp\final_project\venv\lib\site-packages\rest_framework\views.py", line 480, in raise_uncaught_exception
    raise exc
  File "C:\Users\ASUS\Desktop\quera\Django Bootcamp\final_project\venv\lib\site-packages\rest_framework\views.py", line 506, in dispatch
    response = handler(request, *args, **kwargs)
  File "C:\Users\ASUS\Desktop\quera\Django Bootcamp\final_project\venv\lib\site-packages\rest_framework\mixins.py", line 19, in create
    self.perform_create(serializer)
  File "C:\Users\ASUS\Desktop\quera\Django Bootcamp\final_project\student_requests\views.py", line 573, in perform_create
    serializer.save(student=student_instance)
  File "C:\Users\ASUS\Desktop\quera\Django Bootcamp\final_project\venv\lib\site-packages\rest_framework\serializers.py", line 212, in save
    self.instance = self.create(validated_data)
  File "C:\Users\ASUS\Desktop\quera\Django Bootcamp\final_project\student_requests\serializers.py", line 201, in create
    military_service_request = MilitaryServiceRequest.objects.create(
  File "C:\Users\ASUS\Desktop\quera\Django Bootcamp\final_project\venv\lib\site-packages\django\db\models\manager.py", line 87, in manager_method
    return getattr(self.get_queryset(), name)(*args, **kwargs)
  File "C:\Users\ASUS\Desktop\quera\Django Bootcamp\final_project\venv\lib\site-packages\django\db\models\query.py", line 658, in create
    obj.save(force_insert=True, using=self.db)
  File "C:\Users\ASUS\Desktop\quera\Django Bootcamp\final_project\venv\lib\site-packages\django\db\models\base.py", line 814, in save
    self.save_base(
  File "C:\Users\ASUS\Desktop\quera\Django Bootcamp\final_project\venv\lib\site-packages\django\db\models\base.py", line 877, in save_base
    updated = self._save_table(
  File "C:\Users\ASUS\Desktop\quera\Django Bootcamp\final_project\venv\lib\site-packages\django\db\models\base.py", line 1020, in _save_table
    results = self._do_insert(
  File "C:\Users\ASUS\Desktop\quera\Django Bootcamp\final_project\venv\lib\site-packages\django\db\models\base.py", line 1061, in _do_insert
    return manager._insert(
  File "C:\Users\ASUS\Desktop\quera\Django Bootcamp\final_project\venv\lib\site-packages\django\db\models\manager.py", line 87, in manager_method
    return getattr(self.get_queryset(), name)(*args, **kwargs)
  File "C:\Users\ASUS\Desktop\quera\Django Bootcamp\final_project\venv\lib\site-packages\django\db\models\query.py", line 1805, in _insert
    return query.get_compiler(using=using).execute_sql(returning_fields)
  File "C:\Users\ASUS\Desktop\quera\Django Bootcamp\final_project\venv\lib\site-packages\django\db\models\sql\compiler.py", line 1822, in execute_sql
    cursor.execute(sql, params)
  File "C:\Users\ASUS\Desktop\quera\Django Bootcamp\final_project\venv\lib\site-packages\django\db\backends\utils.py", line 102, in execute
    return super().execute(sql, params)
  File "C:\Users\ASUS\Desktop\quera\Django Bootcamp\final_project\venv\lib\site-packages\django\db\backends\utils.py", line 67, in execute
    return self._execute_with_wrappers(
  File "C:\Users\ASUS\Desktop\quera\Django Bootcamp\final_project\venv\lib\site-packages\django\db\backends\utils.py", line 80, in _execute_with_wrappers
    return executor(sql, params, many, context)
  File "C:\Users\ASUS\Desktop\quera\Django Bootcamp\final_project\venv\lib\site-packages\django\db\backends\utils.py", line 84, in _execute
    with self.db.wrap_database_errors:
  File "C:\Users\ASUS\Desktop\quera\Django Bootcamp\final_project\venv\lib\site-packages\django\db\utils.py", line 91, in __exit__
    raise dj_exc_value.with_traceback(traceback) from exc_value
  File "C:\Users\ASUS\Desktop\quera\Django Bootcamp\final_project\venv\lib\site-packages\django\db\backends\utils.py", line 89, in _execute
    return self.cursor.execute(sql, params)
  File "C:\Users\ASUS\Desktop\quera\Django Bootcamp\final_project\venv\lib\site-packages\django\db\backends\sqlite3\base.py", line 328, in execute
    return super().execute(query, params)
django.db.utils.OperationalError: table student_requests_militaryservicerequest has no column named deputy_educational_id
"POST /v1/student_requests/student/2/studying-evidence/ HTTP/1.1" 500 209069
C:\Users\ASUS\Desktop\quera\Django Bootcamp\final_project\student_requests\models.py changed, reloading.
Watching for file changes with StatReloader
"POST /v1/student_requests/student/2/studying-evidence/ HTTP/1.1" 201 142
C:\Users\ASUS\Desktop\quera\Django Bootcamp\final_project\student_requests\views.py changed, reloading.
Watching for file changes with StatReloader
Method Not Allowed: /v1/student_requests/assistant/5/studying-evidence/2/
"PATCH /v1/student_requests/assistant/5/studying-evidence/2/ HTTP/1.1" 405 42
Watching for file changes with StatReloader
Watching for file changes with StatReloader
Internal Server Error: /v1/student_requests/student/2/studying-evidence/
Traceback (most recent call last):
  File "C:\Users\ASUS\Desktop\quera\Django Bootcamp\final_project\venv\lib\site-packages\django\core\handlers\exception.py", line 55, in inner
    response = get_response(request)
  File "C:\Users\ASUS\Desktop\quera\Django Bootcamp\final_project\venv\lib\site-packages\django\core\handlers\base.py", line 197, in _get_response
    response = wrapped_callback(request, *callback_args, **callback_kwargs)
  File "C:\Users\ASUS\Desktop\quera\Django Bootcamp\final_project\venv\lib\site-packages\django\views\decorators\csrf.py", line 56, in wrapper_view
    return view_func(*args, **kwargs)
  File "C:\Users\ASUS\Desktop\quera\Django Bootcamp\final_project\venv\lib\site-packages\rest_framework\viewsets.py", line 125, in view
    return self.dispatch(request, *args, **kwargs)
  File "C:\Users\ASUS\Desktop\quera\Django Bootcamp\final_project\venv\lib\site-packages\rest_framework\views.py", line 509, in dispatch
    response = self.handle_exception(exc)
  File "C:\Users\ASUS\Desktop\quera\Django Bootcamp\final_project\venv\lib\site-packages\rest_framework\views.py", line 469, in handle_exception
    self.raise_uncaught_exception(exc)
  File "C:\Users\ASUS\Desktop\quera\Django Bootcamp\final_project\venv\lib\site-packages\rest_framework\views.py", line 480, in raise_uncaught_exception
    raise exc
  File "C:\Users\ASUS\Desktop\quera\Django Bootcamp\final_project\venv\lib\site-packages\rest_framework\views.py", line 506, in dispatch
    response = handler(request, *args, **kwargs)
  File "C:\Users\ASUS\Desktop\quera\Django Bootcamp\final_project\venv\lib\site-packages\rest_framework\mixins.py", line 54, in retrieve
    instance = self.get_object()
  File "C:\Users\ASUS\Desktop\quera\Django Bootcamp\final_project\venv\lib\site-packages\rest_framework\generics.py", line 96, in get_object
    obj = get_object_or_404(queryset, **filter_kwargs)
  File "C:\Users\ASUS\Desktop\quera\Django Bootcamp\final_project\venv\lib\site-packages\rest_framework\generics.py", line 19, in get_object_or_404
    return _get_object_or_404(queryset, *filter_args, **filter_kwargs)
  File "C:\Users\ASUS\Desktop\quera\Django Bootcamp\final_project\venv\lib\site-packages\django\shortcuts.py", line 85, in get_object_or_404
    return queryset.get(*args, **kwargs)
  File "C:\Users\ASUS\Desktop\quera\Django Bootcamp\final_project\venv\lib\site-packages\django\db\models\query.py", line 640, in get
    raise self.model.MultipleObjectsReturned(
student_requests.models.MilitaryServiceRequest.MultipleObjectsReturned: get() returned more than one MilitaryServiceRequest -- it returned 2!
"GET /v1/student_requests/student/2/studying-evidence/ HTTP/1.1" 500 118120
Internal Server Error: /v1/student_requests/assistant/5/studying-evidence/2/
Traceback (most recent call last):
  File "C:\Users\ASUS\Desktop\quera\Django Bootcamp\final_project\venv\lib\site-packages\django\core\handlers\exception.py", line 55, in inner
    response = get_response(request)
  File "C:\Users\ASUS\Desktop\quera\Django Bootcamp\final_project\venv\lib\site-packages\django\core\handlers\base.py", line 197, in _get_response
    response = wrapped_callback(request, *callback_args, **callback_kwargs)
  File "C:\Users\ASUS\Desktop\quera\Django Bootcamp\final_project\venv\lib\site-packages\django\views\decorators\csrf.py", line 56, in wrapper_view
    return view_func(*args, **kwargs)
  File "C:\Users\ASUS\Desktop\quera\Django Bootcamp\final_project\venv\lib\site-packages\django\views\generic\base.py", line 104, in view
    return self.dispatch(request, *args, **kwargs)
  File "C:\Users\ASUS\Desktop\quera\Django Bootcamp\final_project\venv\lib\site-packages\rest_framework\views.py", line 509, in dispatch
    response = self.handle_exception(exc)
  File "C:\Users\ASUS\Desktop\quera\Django Bootcamp\final_project\venv\lib\site-packages\rest_framework\views.py", line 469, in handle_exception
    self.raise_uncaught_exception(exc)
  File "C:\Users\ASUS\Desktop\quera\Django Bootcamp\final_project\venv\lib\site-packages\rest_framework\views.py", line 480, in raise_uncaught_exception
    raise exc
  File "C:\Users\ASUS\Desktop\quera\Django Bootcamp\final_project\venv\lib\site-packages\rest_framework\views.py", line 506, in dispatch
    response = handler(request, *args, **kwargs)
  File "C:\Users\ASUS\Desktop\quera\Django Bootcamp\final_project\venv\lib\site-packages\rest_framework\generics.py", line 208, in get
    return self.retrieve(request, *args, **kwargs)
  File "C:\Users\ASUS\Desktop\quera\Django Bootcamp\final_project\venv\lib\site-packages\rest_framework\mixins.py", line 54, in retrieve
    instance = self.get_object()
  File "C:\Users\ASUS\Desktop\quera\Django Bootcamp\final_project\student_requests\views.py", line 874, in get_object
    request = get_object_or_404(MilitaryServiceRequest, student_id=student_id)
  File "C:\Users\ASUS\Desktop\quera\Django Bootcamp\final_project\venv\lib\site-packages\django\shortcuts.py", line 85, in get_object_or_404
    return queryset.get(*args, **kwargs)
  File "C:\Users\ASUS\Desktop\quera\Django Bootcamp\final_project\venv\lib\site-packages\django\db\models\query.py", line 640, in get
    raise self.model.MultipleObjectsReturned(
student_requests.models.MilitaryServiceRequest.MultipleObjectsReturned: get() returned more than one MilitaryServiceRequest -- it returned 2!
"GET /v1/student_requests/assistant/5/studying-evidence/2/ HTTP/1.1" 500 116943
"GET /v1/student_requests/assistant/5/studying-evidence/ HTTP/1.1" 200 301
Watching for file changes with StatReloader
"GET /my-admin/ HTTP/1.1" 200 18291
"GET /my-admin/ HTTP/1.1" 200 18291
Watching for file changes with StatReloader
"GET /my-admin/ HTTP/1.1" 302 0
"GET /my-admin/login/?next=/my-admin/ HTTP/1.1" 200 4290
"GET /static/admin/css/base.css HTTP/1.1" 200 21207
"GET /static/admin/css/nav_sidebar.css HTTP/1.1" 200 2694
"GET /static/admin/css/dark_mode.css HTTP/1.1" 200 2929
"GET /static/admin/css/login.css HTTP/1.1" 200 958
"GET /static/admin/css/responsive.css HTTP/1.1" 200 18533
"GET /static/admin/js/nav_sidebar.js HTTP/1.1" 200 3063
"GET /static/admin/js/theme.js HTTP/1.1" 200 1943
"GET /my-admin/login/?next=/my-admin/ HTTP/1.1" 200 4290
"POST /my-admin/login/?next=/my-admin/ HTTP/1.1" 302 0
"GET /my-admin/ HTTP/1.1" 200 18291
"GET /static/admin/css/dashboard.css HTTP/1.1" 200 441
"GET /static/admin/img/icon-addlink.svg HTTP/1.1" 200 331
"GET /static/admin/img/icon-changelink.svg HTTP/1.1" 200 380
"GET /static/admin/img/icon-deletelink.svg HTTP/1.1" 200 392
Watching for file changes with StatReloader
Not Found: /my-admin/static
"GET /my-admin/static HTTP/1.1" 404 7291
Watching for file changes with StatReloader
"GET /my-admin/ HTTP/1.1" 200 18291
Watching for file changes with StatReloader
Watching for file changes with StatReloader
"GET /my-admin/ HTTP/1.1" 200 18291
Not Found: /favicon.ico
"GET /favicon.ico HTTP/1.1" 404 3417
"POST /v1/users/login/ HTTP/1.1" 200 69
"GET /my-admin/authtoken/tokenproxy/ HTTP/1.1" 200 15703
"GET /static/admin/css/changelists.css HTTP/1.1" 200 6566
"GET /static/admin/js/jquery.init.js HTTP/1.1" 200 347
"GET /static/admin/js/urlify.js HTTP/1.1" 200 7887
"GET /static/admin/js/core.js HTTP/1.1" 200 5682
"GET /static/admin/js/admin/RelatedObjectLookups.js HTTP/1.1" 200 8943
"GET /static/admin/js/actions.js HTTP/1.1" 200 7872
"GET /static/admin/js/prepopulate.js HTTP/1.1" 200 1531
"GET /static/admin/js/vendor/jquery/jquery.js HTTP/1.1" 200 292458
"GET /static/admin/js/filters.js HTTP/1.1" 200 978
"GET /static/admin/js/vendor/xregexp/xregexp.js HTTP/1.1" 200 232381
"GET /static/admin/img/tooltag-add.svg HTTP/1.1" 200 331
"GET /static/admin/img/sorting-icons.svg HTTP/1.1" 200 1097
"GET /my-admin/courses/course/add/ HTTP/1.1" 200 17904
"GET /static/admin/css/forms.css HTTP/1.1" 200 9047
"GET /my-admin/jsi18n/ HTTP/1.1" 200 7633
"GET /static/admin/js/prepopulate_init.js HTTP/1.1" 200 586
"GET /static/admin/img/icon-viewlink.svg HTTP/1.1" 200 581
"GET /static/admin/css/widgets.css HTTP/1.1" 200 11900
"GET /static/admin/js/change_form.js HTTP/1.1" 200 606
C:\Users\ASUS\Desktop\quera\Django Bootcamp\final_project\config\urls.py changed, reloading.
Watching for file changes with StatReloader
Not Found: /my-admin/courses/course/add/
"GET /my-admin/courses/course/add/ HTTP/1.1" 404 2390
"GET /admin HTTP/1.1" 301 0
"GET /admin/ HTTP/1.1" 200 17062
"POST /v1/users/login/ HTTP/1.1" 200 69
Watching for file changes with StatReloader
"POST /v1/users/login/ HTTP/1.1" 200 69
C:\Users\ASUS\Desktop\quera\Django Bootcamp\final_project\config\urls.py changed, reloading.
Watching for file changes with StatReloader
Not Found: /admin/
"GET /admin/ HTTP/1.1" 404 3253
"GET /django/admin/ HTTP/1.1" 200 17545
C:\Users\ASUS\Desktop\quera\Django Bootcamp\final_project\config\urls.py changed, reloading.
Watching for file changes with StatReloader
"GET /django-admin/ HTTP/1.1" 200 17545
Watching for file changes with StatReloader
"GET /django-admin/ HTTP/1.1" 200 17545
"POST /django-admin/logout/ HTTP/1.1" 200 3597
"GET /django-admin/ HTTP/1.1" 302 0
"GET /django-admin/login/?next=/django-admin/ HTTP/1.1" 200 4209
"GET /static/admin/css/login.css HTTP/1.1" 200 958
"POST /django-admin/login/?next=/django-admin/ HTTP/1.1" 302 0
"GET /django-admin/ HTTP/1.1" 200 17545
Watching for file changes with StatReloader
"GET /django-admin/ HTTP/1.1" 200 17545
Watching for file changes with StatReloader
Method Not Allowed: /v1/student_requests/assistant/5/studying-evidence/2/
"PATCH /v1/student_requests/assistant/5/studying-evidence/2/ HTTP/1.1" 405 42
Watching for file changes with StatReloader
Watching for file changes with StatReloader
"PATCH /v1/student_requests/assistant/5/studying-evidence-update/2/ HTTP/1.1" 200 149
Watching for file changes with StatReloader
"PATCH /v1/student_requests/assistant/5/studying-evidence-update/2/ HTTP/1.1" 200 149
Watching for file changes with StatReloader
"GET /django-admin/ HTTP/1.1" 200 17545
"GET /static/admin/js/theme.js HTTP/1.1" 200 1943
"GET /static/admin/js/nav_sidebar.js HTTP/1.1" 200 3063
Not Found: /favicon.ico
"GET /favicon.ico HTTP/1.1" 404 3268
"GET /django-admin/authtoken/tokenproxy/ HTTP/1.1" 200 15183
"GET /static/admin/js/jquery.init.js HTTP/1.1" 200 347
"GET /static/admin/js/actions.js HTTP/1.1" 200 7872
"GET /static/admin/js/core.js HTTP/1.1" 200 5682
"GET /static/admin/js/admin/RelatedObjectLookups.js HTTP/1.1" 200 8943
"GET /static/admin/js/prepopulate.js HTTP/1.1" 200 1531
"GET /static/admin/js/urlify.js HTTP/1.1" 200 7887
"GET /static/admin/js/filters.js HTTP/1.1" 200 978
"GET /static/admin/js/vendor/jquery/jquery.js HTTP/1.1" 200 292458
"GET /static/admin/js/vendor/xregexp/xregexp.js HTTP/1.1" 200 232381
"GET /django-admin/users/itmanager/ HTTP/1.1" 200 15330
"GET /django-admin/jsi18n/ HTTP/1.1" 200 3343
"GET /static/admin/img/search.svg HTTP/1.1" 200 458
"GET /django-admin/users/itmanager/add/ HTTP/1.1" 200 39461
"GET /django-admin/jsi18n/ HTTP/1.1" 200 3343
"GET /static/admin/js/admin/DateTimeShortcuts.js HTTP/1.1" 200 19319
"GET /static/admin/js/calendar.js HTTP/1.1" 200 8466
"GET /static/admin/img/icon-calendar.svg HTTP/1.1" 200 1086
"GET /static/admin/img/icon-clock.svg HTTP/1.1" 200 677
"POST /django-admin/users/itmanager/add/ HTTP/1.1" 302 0
"GET /django-admin/users/itmanager/ HTTP/1.1" 200 15828
"GET /django-admin/jsi18n/ HTTP/1.1" 200 3343
"GET /static/admin/img/icon-yes.svg HTTP/1.1" 200 436
"GET /django-admin/authtoken/tokenproxy/ HTTP/1.1" 200 15183
"GET /django-admin/authtoken/tokenproxy/add/ HTTP/1.1" 200 15456
"GET /django-admin/jsi18n/ HTTP/1.1" 200 3343
"POST /django-admin/authtoken/tokenproxy/add/ HTTP/1.1" 302 0
"GET /django-admin/authtoken/tokenproxy/ HTTP/1.1" 200 15682
"POST /v1/users/register/ HTTP/1.1" 201 89
"GET /django-admin/authtoken/tokenproxy/ HTTP/1.1" 200 15684
Internal Server Error: /v1/courses/subjects/
Traceback (most recent call last):
  File "C:\Users\ASUS\Desktop\quera\Django Bootcamp\final_project\venv\lib\site-packages\django\core\handlers\exception.py", line 55, in inner
    response = get_response(request)
  File "C:\Users\ASUS\Desktop\quera\Django Bootcamp\final_project\venv\lib\site-packages\django\core\handlers\base.py", line 197, in _get_response
    response = wrapped_callback(request, *callback_args, **callback_kwargs)
  File "C:\Users\ASUS\Desktop\quera\Django Bootcamp\final_project\venv\lib\site-packages\django\views\decorators\csrf.py", line 56, in wrapper_view
    return view_func(*args, **kwargs)
  File "C:\Users\ASUS\Desktop\quera\Django Bootcamp\final_project\venv\lib\site-packages\django\views\generic\base.py", line 104, in view
    return self.dispatch(request, *args, **kwargs)
  File "C:\Users\ASUS\Desktop\quera\Django Bootcamp\final_project\venv\lib\site-packages\rest_framework\views.py", line 509, in dispatch
    response = self.handle_exception(exc)
  File "C:\Users\ASUS\Desktop\quera\Django Bootcamp\final_project\venv\lib\site-packages\rest_framework\views.py", line 469, in handle_exception
    self.raise_uncaught_exception(exc)
  File "C:\Users\ASUS\Desktop\quera\Django Bootcamp\final_project\venv\lib\site-packages\rest_framework\views.py", line 480, in raise_uncaught_exception
    raise exc
  File "C:\Users\ASUS\Desktop\quera\Django Bootcamp\final_project\venv\lib\site-packages\rest_framework\views.py", line 497, in dispatch
    self.initial(request, *args, **kwargs)
  File "C:\Users\ASUS\Desktop\quera\Django Bootcamp\final_project\venv\lib\site-packages\rest_framework\views.py", line 415, in initial
    self.check_permissions(request)
  File "C:\Users\ASUS\Desktop\quera\Django Bootcamp\final_project\venv\lib\site-packages\rest_framework\views.py", line 332, in check_permissions
    if not permission.has_permission(request, self):
  File "C:\Users\ASUS\Desktop\quera\Django Bootcamp\final_project\users\permissions.py", line 104, in has_permission
    return user.user_type == "it_manager" or user.user_type == "deputy_educational"
AttributeError: 'AnonymousUser' object has no attribute 'user_type'
Internal Server Error: /v1/courses/subjects/
Traceback (most recent call last):
  File "C:\Users\ASUS\Desktop\quera\Django Bootcamp\final_project\venv\lib\site-packages\django\core\handlers\exception.py", line 55, in inner
    response = get_response(request)
  File "C:\Users\ASUS\Desktop\quera\Django Bootcamp\final_project\venv\lib\site-packages\django\core\handlers\base.py", line 197, in _get_response
    response = wrapped_callback(request, *callback_args, **callback_kwargs)
  File "C:\Users\ASUS\Desktop\quera\Django Bootcamp\final_project\venv\lib\site-packages\django\views\decorators\csrf.py", line 56, in wrapper_view
    return view_func(*args, **kwargs)
  File "C:\Users\ASUS\Desktop\quera\Django Bootcamp\final_project\venv\lib\site-packages\django\views\generic\base.py", line 104, in view
    return self.dispatch(request, *args, **kwargs)
  File "C:\Users\ASUS\Desktop\quera\Django Bootcamp\final_project\venv\lib\site-packages\rest_framework\views.py", line 509, in dispatch
    response = self.handle_exception(exc)
  File "C:\Users\ASUS\Desktop\quera\Django Bootcamp\final_project\venv\lib\site-packages\rest_framework\views.py", line 469, in handle_exception
    self.raise_uncaught_exception(exc)
  File "C:\Users\ASUS\Desktop\quera\Django Bootcamp\final_project\venv\lib\site-packages\rest_framework\views.py", line 480, in raise_uncaught_exception
    raise exc
  File "C:\Users\ASUS\Desktop\quera\Django Bootcamp\final_project\venv\lib\site-packages\rest_framework\views.py", line 497, in dispatch
    self.initial(request, *args, **kwargs)
  File "C:\Users\ASUS\Desktop\quera\Django Bootcamp\final_project\venv\lib\site-packages\rest_framework\views.py", line 415, in initial
    self.check_permissions(request)
  File "C:\Users\ASUS\Desktop\quera\Django Bootcamp\final_project\venv\lib\site-packages\rest_framework\views.py", line 332, in check_permissions
    if not permission.has_permission(request, self):
  File "C:\Users\ASUS\Desktop\quera\Django Bootcamp\final_project\users\permissions.py", line 104, in has_permission
    return user.user_type == "it_manager" or user.user_type == "deputy_educational"
AttributeError: 'AnonymousUser' object has no attribute 'user_type'
Watching for file changes with StatReloader
Watching for file changes with StatReloader
Watching for file changes with StatReloader
"GET /django-admin/ HTTP/1.1" 200 17628
Not Found: /favicon.ico
"GET /favicon.ico HTTP/1.1" 404 3268
